<?xml version="1.0" encoding="UTF-8"?>
<!-- Generated by org.testng.reporters.JUnitReportReporter -->
<testsuite hostname="DESKTOP-4DUK7NH" failures="0" tests="1" name="Pranodayd.CalculatorAPI.TestAdditionFunctionality" time="0.002" errors="0" timestamp="2024-07-02T17:24:27 KST" skipped="0">
  <testcase classname="Pranodayd.CalculatorAPI.TestAdditionFunctionality" name="TestSubtractionWithPositiveNumbers" time="0.002"/>
  <system-out/>
</testsuite> <!-- Pranodayd.CalculatorAPI.TestAdditionFunctionality -->
