<?xml version="1.0" encoding="UTF-8"?>
<testsuite xmlns:xsi="http://www.w3.org/2001/XMLSchema-instance" xsi:noNamespaceSchemaLocation="https://maven.apache.org/surefire/maven-surefire-plugin/xsd/surefire-test-report.xsd" name="TestSuite" time="0.45" tests="4" errors="0" skipped="0" failures="0">
  <properties>
    <property name="java.specification.version" value="17"/>
    <property name="sun.cpu.isalist" value="amd64"/>
    <property name="sun.jnu.encoding" value="MS949"/>
    <property name="java.class.path" value="D:\workspace\CalculatorAPI\target\test-classes;D:\workspace\CalculatorAPI\target\classes;D:\MavenRepo\junit\junit\4.11\junit-4.11.jar;D:\MavenRepo\org\hamcrest\hamcrest-core\1.3\hamcrest-core-1.3.jar;D:\MavenRepo\org\testng\testng\7.4.0\testng-7.4.0.jar;D:\MavenRepo\com\beust\jcommander\1.78\jcommander-1.78.jar;D:\MavenRepo\org\webjars\jquery\3.5.1\jquery-3.5.1.jar;"/>
    <property name="java.vm.vendor" value="Oracle Corporation"/>
    <property name="sun.arch.data.model" value="64"/>
    <property name="user.variant" value=""/>
    <property name="java.vendor.url" value="https://java.oracle.com/"/>
    <property name="user.timezone" value="Asia/Seoul"/>
    <property name="os.name" value="Windows 10"/>
    <property name="java.vm.specification.version" value="17"/>
    <property name="sun.java.launcher" value="SUN_STANDARD"/>
    <property name="user.country" value="KR"/>
    <property name="sun.boot.library.path" value="C:\Program Files\Java\jdk-17\bin"/>
    <property name="sun.java.command" value="C:\Users\KTDS\AppData\Local\Temp\surefire4244420452926561916\surefirebooter17042935023078011673.jar C:\Users\KTDS\AppData\Local\Temp\surefire4244420452926561916 2024-07-02T17-54-41_785-jvmRun1 surefire10395200534728854482tmp surefire_014847211295588607658tmp"/>
    <property name="jdk.debug" value="release"/>
    <property name="surefire.test.class.path" value="D:\workspace\CalculatorAPI\target\test-classes;D:\workspace\CalculatorAPI\target\classes;D:\MavenRepo\junit\junit\4.11\junit-4.11.jar;D:\MavenRepo\org\hamcrest\hamcrest-core\1.3\hamcrest-core-1.3.jar;D:\MavenRepo\org\testng\testng\7.4.0\testng-7.4.0.jar;D:\MavenRepo\com\beust\jcommander\1.78\jcommander-1.78.jar;D:\MavenRepo\org\webjars\jquery\3.5.1\jquery-3.5.1.jar;"/>
    <property name="sun.cpu.endian" value="little"/>
    <property name="user.home" value="C:\Users\KTDS"/>
    <property name="user.language" value="ko"/>
    <property name="java.specification.vendor" value="Oracle Corporation"/>
    <property name="java.version.date" value="2024-04-16"/>
    <property name="java.home" value="C:\Program Files\Java\jdk-17"/>
    <property name="file.separator" value="\"/>
    <property name="basedir" value="D:\workspace\CalculatorAPI"/>
    <property name="java.vm.compressedOopsMode" value="Zero based"/>
    <property name="line.separator" value="&#10;"/>
    <property name="java.vm.specification.vendor" value="Oracle Corporation"/>
    <property name="java.specification.name" value="Java Platform API Specification"/>
    <property name="surefire.real.class.path" value="C:\Users\KTDS\AppData\Local\Temp\surefire4244420452926561916\surefirebooter17042935023078011673.jar"/>
    <property name="user.script" value=""/>
    <property name="sun.management.compiler" value="HotSpot 64-Bit Tiered Compilers"/>
    <property name="java.runtime.version" value="17.0.11+7-LTS-207"/>
    <property name="user.name" value="KTDS"/>
    <property name="path.separator" value=";"/>
    <property name="os.version" value="10.0"/>
    <property name="java.runtime.name" value="Java(TM) SE Runtime Environment"/>
    <property name="file.encoding" value="MS949"/>
    <property name="java.vm.name" value="Java HotSpot(TM) 64-Bit Server VM"/>
    <property name="localRepository" value="D:\MavenRepo"/>
    <property name="java.vendor.url.bug" value="https://bugreport.java.com/bugreport/"/>
    <property name="java.io.tmpdir" value="C:\Users\KTDS\AppData\Local\Temp\"/>
    <property name="java.version" value="17.0.11"/>
    <property name="user.dir" value="D:\workspace\CalculatorAPI"/>
    <property name="os.arch" value="amd64"/>
    <property name="java.vm.specification.name" value="Java Virtual Machine Specification"/>
    <property name="sun.os.patch.level" value=""/>
    <property name="native.encoding" value="MS949"/>
    <property name="java.library.path" value="C:\Program Files\Java\jdk-17\bin;C:\Windows\Sun\Java\bin;C:\Windows\system32;C:\Windows;C:\Program Files\Java\jdk-17\bin;D:\apache-maven-3.8.7\bin;C:\Program Files\gradle-7.5\bin;C:\Program Files\Common Files\Oracle\Java\javapath;C:\Windows\system32;C:\Windows;C:\Windows\System32\Wbem;C:\Windows\System32\WindowsPowerShell\v1.0\;C:\Windows\System32\OpenSSH\;C:\Program Files\Git\cmd;C:\Users\KTDS\AppData\Local\Microsoft\WindowsApps;C:\Program Files\Bandizip\7z;C:\Program Files\JetBrains\IntelliJ IDEA 2024.1.4\bin;."/>
    <property name="java.vm.info" value="mixed mode, sharing"/>
    <property name="java.vendor" value="Oracle Corporation"/>
    <property name="java.vm.version" value="17.0.11+7-LTS-207"/>
    <property name="sun.io.unicode.encoding" value="UnicodeLittle"/>
    <property name="java.class.version" value="61.0"/>
  </properties>
  <testcase name="TestSubtractionWithPositiveNumbers" classname="Pranodayd.CalculatorAPI.TestAdditionFunctionality" time="0.003"/>
  <testcase name="TestSubtractionWithPositiveNumbers" classname="Pranodayd.CalculatorAPI.TestMultiplicationFunctionality" time="0"/>
  <testcase name="TestSubtractionWithPositiveNumbers" classname="Pranodayd.CalculatorAPI.TestSubtractionFunctionality" time="0"/>
  <testcase name="shouldAnswerWithTrue on shouldAnswerWithTrue(Pranodayd.CalculatorAPI.AppTest)" classname="Pranodayd.CalculatorAPI.AppTest" time="0.001"/>
</testsuite>