<?xml version="1.0" encoding="UTF-8"?>
<!-- Generated by org.testng.reporters.JUnitReportReporter -->
<testsuite hostname="DESKTOP-4DUK7NH" failures="0" tests="1" name="Pranodayd.CalculatorAPI.AppTest" time="0.003" errors="0" timestamp="2024-07-02T17:54:42 KST" skipped="0">
  <testcase classname="Pranodayd.CalculatorAPI.AppTest" name="shouldAnswerWithTrue" time="0.003"/>
  <system-out/>
</testsuite> <!-- Pranodayd.CalculatorAPI.AppTest -->
